  TargetBall.cpp
C:\Users\1916213\Desktop\3dゲーム\ゲーム開発のほう\2021.11.20\AsoUtility.h(43,2): warning C4091: 'static ': 変数が何も宣言されていないときは、'AsoUtility' の左辺を無視します。
C:\Users\1916213\Desktop\3dゲーム\ゲーム開発のほう\2021.11.20\Object\TargetBall.cpp(29,35): warning C4244: '引数': 'double' から 'T' への変換です。データが失われる可能性があります。
          with
          [
              T=float
          ]
C:\Users\1916213\Desktop\3dゲーム\ゲーム開発のほう\2021.11.20\Object\TargetBall.cpp(50,18): warning C4244: '=': 'double' から 'T' への変換です。データが失われる可能性があります。
          with
          [
              T=float
          ]
  GameScene.cpp
C:\Users\1916213\Desktop\3dゲーム\ゲーム開発のほう\2021.11.20\AsoUtility.h(43,2): warning C4091: 'static ': 変数が何も宣言されていないときは、'AsoUtility' の左辺を無視します。
C:\Users\1916213\Desktop\3dゲーム\ゲーム開発のほう\2021.11.20\Scene\GameScene.cpp(59,46): warning C4244: '引数': 'T' から 'int' への変換です。データが失われる可能性があります。
          with
          [
              T=float
          ]
C:\Users\1916213\Desktop\3dゲーム\ゲーム開発のほう\2021.11.20\Scene\GameScene.cpp(59,27): warning C4244: '引数': 'T' から 'int' への変換です。データが失われる可能性があります。
          with
          [
              T=float
          ]
C:\Users\1916213\Desktop\3dゲーム\ゲーム開発のほう\2021.11.20\Scene\GameScene.cpp(64,85): warning C4244: '引数': 'T' から 'int' への変換です。データが失われる可能性があります。
          with
          [
              T=float
          ]
C:\Users\1916213\Desktop\3dゲーム\ゲーム開発のほう\2021.11.20\Scene\GameScene.cpp(64,33): warning C4244: '引数': 'T' から 'int' への変換です。データが失われる可能性があります。
          with
          [
              T=float
          ]
C:\Users\1916213\Desktop\3dゲーム\ゲーム開発のほう\2021.11.20\Scene\GameScene.cpp(67,33): warning C4244: '引数': 'T' から 'int' への変換です。データが失われる可能性があります。
          with
          [
              T=float
          ]
  ResultScene.cpp
C:\Users\1916213\Desktop\3dゲーム\ゲーム開発のほう\2021.11.20\AsoUtility.h(43,2): warning C4091: 'static ': 変数が何も宣言されていないときは、'AsoUtility' の左辺を無視します。
C:\Users\1916213\Desktop\3dゲーム\ゲーム開発のほう\2021.11.20\Scene\ResultScene.cpp(65,71): warning C4244: '引数': 'T' から 'int' への変換です。データが失われる可能性があります。
          with
          [
              T=float
          ]
C:\Users\1916213\Desktop\3dゲーム\ゲーム開発のほう\2021.11.20\Scene\ResultScene.cpp(65,45): warning C4244: '引数': 'T' から 'int' への変換です。データが失われる可能性があります。
          with
          [
              T=float
          ]
C:\Users\1916213\Desktop\3dゲーム\ゲーム開発のほう\2021.11.20\Scene\ResultScene.cpp(65,30): warning C4244: '引数': 'T' から 'int' への変換です。データが失われる可能性があります。
          with
          [
              T=float
          ]
C:\Users\1916213\Desktop\3dゲーム\ゲーム開発のほう\2021.11.20\Scene\ResultScene.cpp(65,18): warning C4244: '引数': 'T' から 'int' への変換です。データが失われる可能性があります。
          with
          [
              T=float
          ]
C:\Users\1916213\Desktop\3dゲーム\ゲーム開発のほう\2021.11.20\Scene\ResultScene.cpp(70,34): warning C4244: '引数': 'T' から 'int' への変換です。データが失われる可能性があります。
          with
          [
              T=float
          ]
C:\Users\1916213\Desktop\3dゲーム\ゲーム開発のほう\2021.11.20\Scene\ResultScene.cpp(70,22): warning C4244: '引数': 'T' から 'int' への変換です。データが失われる可能性があります。
          with
          [
              T=float
          ]
C:\Users\1916213\Desktop\3dゲーム\ゲーム開発のほう\2021.11.20\Scene\ResultScene.cpp(72,57): warning C4244: '引数': 'T' から 'int' への変換です。データが失われる可能性があります。
          with
          [
              T=float
          ]
C:\Users\1916213\Desktop\3dゲーム\ゲーム開発のほう\2021.11.20\Scene\ResultScene.cpp(72,30): warning C4244: '引数': 'T' から 'int' への変換です。データが失われる可能性があります。
          with
          [
              T=float
          ]
C:\Users\1916213\Desktop\3dゲーム\ゲーム開発のほう\2021.11.20\Scene\ResultScene.cpp(75,53): warning C4244: '引数': 'T' から 'int' への変換です。データが失われる可能性があります。
          with
          [
              T=float
          ]
C:\Users\1916213\Desktop\3dゲーム\ゲーム開発のほう\2021.11.20\Scene\ResultScene.cpp(77,54): warning C4244: '引数': 'T' から 'int' への変換です。データが失われる可能性があります。
          with
          [
              T=float
          ]
  StageSelectScene.cpp
C:\Users\1916213\Desktop\3dゲーム\ゲーム開発のほう\2021.11.20\AsoUtility.h(43,2): warning C4091: 'static ': 変数が何も宣言されていないときは、'AsoUtility' の左辺を無視します。
  TitleScene.cpp
C:\Users\1916213\Desktop\3dゲーム\ゲーム開発のほう\2021.11.20\AsoUtility.h(43,2): warning C4091: 'static ': 変数が何も宣言されていないときは、'AsoUtility' の左辺を無視します。
  Stage.cpp
C:\Users\1916213\Desktop\3dゲーム\ゲーム開発のほう\2021.11.20\Stage.cpp(25,34): warning C4267: '=': 'size_t' から 'int' に変換しました。データが失われているかもしれません。
C:\Users\1916213\Desktop\3dゲーム\ゲーム開発のほう\2021.11.20\Stage.cpp(52,84): warning C4244: '=': '_Rep' から 'double' への変換です。データが失われる可能性があります。
          with
          [
              _Rep=__int64
          ]
C:\Users\1916213\Desktop\3dゲーム\ゲーム開発のほう\2021.11.20\Stage.cpp(124,29): warning C4267: 'return': 'size_t' から 'int' に変換しました。データが失われているかもしれません。
C:\Program Files (x86)\Microsoft Visual Studio\2019\Professional\VC\Tools\MSVC\14.28.29910\include\memory(3579,1): warning C4267: '引数': 'size_t' から 'int' に変換しました。データが失われているかもしれません。
C:\Users\1916213\Desktop\3dゲーム\ゲーム開発のほう\2021.11.20\Stage.cpp(100): message : コンパイル対象の関数 テンプレート インスタンス化 'std::unique_ptr<TargetBall,std::default_delete<TargetBall>> std::make_unique<TargetBall,Float3&,std::vector<Float3,std::allocator<Float3>>*,unsigned __int64,0>(Float3 &,std::vector<Float3,std::allocator<Float3>> *&&,unsigned __int64 &&)' のリファレンスを確認してください
  コードを生成中...
  BaseProject.vcxproj -> C:\Users\1916213\Desktop\3dゲーム\ゲーム開発のほう\2021.11.20\x64\Debug\BaseProject.exe
